Start auto log messages stack.	[MsgId: MMSG-10546]
Ending iteration 30.	[MsgId: MMSG-15965]
Starting iteration 31.	[MsgId: MMSG-15968]
Error: Parameter 'loginName': No more unique values for this parameter in table 'login.dat' [unique range is 31-60]. The Vuser is aborted according to "When Out Of Values" policy.	[MsgId: MERR-13870]
End auto log messages stack.	[MsgId: MMSG-10544]


Start auto log messages stack.	[MsgId: MMSG-10546]
Ending iteration 30.	[MsgId: MMSG-15965]
Starting iteration 31.	[MsgId: MMSG-15968]
Error: Parameter 'loginName': No more unique values for this parameter in table 'login.dat' [unique range is 1-30]. The Vuser is aborted according to "When Out Of Values" policy.	[MsgId: MERR-13870]
End auto log messages stack.	[MsgId: MMSG-10544]


Start auto log messages stack.	[MsgId: MMSG-10546]
Ending iteration 30.	[MsgId: MMSG-15965]
Starting iteration 31.	[MsgId: MMSG-15968]
Error: Parameter 'loginName': No more unique values for this parameter in table 'login.dat' [unique range is 61-90]. The Vuser is aborted according to "When Out Of Values" policy.	[MsgId: MERR-13870]
End auto log messages stack.	[MsgId: MMSG-10544]


Start auto log messages stack.	[MsgId: MMSG-10546]
Ending iteration 30.	[MsgId: MMSG-15965]
Starting iteration 31.	[MsgId: MMSG-15968]
Error: Parameter 'loginName': No more unique values for this parameter in table 'login.dat' [unique range is 91-120]. The Vuser is aborted according to "When Out Of Values" policy.	[MsgId: MERR-13870]
End auto log messages stack.	[MsgId: MMSG-10544]


Start auto log messages stack.	[MsgId: MMSG-10546]
Ending iteration 30.	[MsgId: MMSG-15965]
Starting iteration 31.	[MsgId: MMSG-15968]
Error: Parameter 'loginName': No more unique values for this parameter in table 'login.dat' [unique range is 151-180]. The Vuser is aborted according to "When Out Of Values" policy.	[MsgId: MERR-13870]
End auto log messages stack.	[MsgId: MMSG-10544]


Start auto log messages stack.	[MsgId: MMSG-10546]
Ending iteration 30.	[MsgId: MMSG-15965]
Starting iteration 31.	[MsgId: MMSG-15968]
Error: Parameter 'loginName': No more unique values for this parameter in table 'login.dat' [unique range is 121-150]. The Vuser is aborted according to "When Out Of Values" policy.	[MsgId: MERR-13870]
End auto log messages stack.	[MsgId: MMSG-10544]


Start auto log messages stack.	[MsgId: MMSG-10546]
Ending iteration 30.	[MsgId: MMSG-15965]
Starting iteration 31.	[MsgId: MMSG-15968]
Error: Parameter 'loginName': No more unique values for this parameter in table 'login.dat' [unique range is 211-240]. The Vuser is aborted according to "When Out Of Values" policy.	[MsgId: MERR-13870]
End auto log messages stack.	[MsgId: MMSG-10544]


Start auto log messages stack.	[MsgId: MMSG-10546]
Ending iteration 30.	[MsgId: MMSG-15965]
Starting iteration 31.	[MsgId: MMSG-15968]
Error: Parameter 'loginName': No more unique values for this parameter in table 'login.dat' [unique range is 181-210]. The Vuser is aborted according to "When Out Of Values" policy.	[MsgId: MERR-13870]
End auto log messages stack.	[MsgId: MMSG-10544]


Start auto log messages stack.	[MsgId: MMSG-10546]
Ending iteration 30.	[MsgId: MMSG-15965]
Starting iteration 31.	[MsgId: MMSG-15968]
Error: Parameter 'loginName': No more unique values for this parameter in table 'login.dat' [unique range is 271-300]. The Vuser is aborted according to "When Out Of Values" policy.	[MsgId: MERR-13870]
End auto log messages stack.	[MsgId: MMSG-10544]


Start auto log messages stack.	[MsgId: MMSG-10546]
Ending iteration 30.	[MsgId: MMSG-15965]
Starting iteration 31.	[MsgId: MMSG-15968]
Error: Parameter 'loginName': No more unique values for this parameter in table 'login.dat' [unique range is 241-270]. The Vuser is aborted according to "When Out Of Values" policy.	[MsgId: MERR-13870]
End auto log messages stack.	[MsgId: MMSG-10544]


