Start auto log messages stack - Iteration 33.	[MsgId: MMSG-10545]
Action.c(304): web_url("ext-base.js") was successful, 10539 body bytes, 352 header bytes  	[MsgId: MMSG-26386]
Action.c(312): web_url("ToolbarReorderer.js") was successful, 2164 body bytes, 351 header bytes  	[MsgId: MMSG-26386]
Action.c(320): web_url("ToolbarDroppable.js") was successful, 1681 body bytes, 351 header bytes  	[MsgId: MMSG-26386]
Action.c(328): web_url("RangeMenu.js") was successful, 1244 body bytes, 350 header bytes  	[MsgId: MMSG-26386]
Action.c(336): web_url("white-top-bottom.gif") was successful, 842 body bytes, 284 header bytes  	[MsgId: MMSG-26386]
Action.c(344): Notify: Transaction "login" ended with "Pass" status (Duration: 0.6352).	[MsgId: MMSG-16873]
Action.c(346): lr_think_time: 6.00 seconds.	[MsgId: MMSG-15948]
Action.c(348): Error -26601: Decompression function (wgzMemDecompressBuffer) failed, return code=-5 (Z_BUF_ERROR), inSize=0, inUse=0, outUse=0  	[MsgId: MERR-26601]
End auto log messages stack.	[MsgId: MMSG-10544]


Start auto log messages stack - Iteration 26.	[MsgId: MMSG-10545]
Action.c(304): web_url("ext-base.js") was successful, 10539 body bytes, 352 header bytes  	[MsgId: MMSG-26386]
Action.c(312): web_url("ToolbarReorderer.js") was successful, 2164 body bytes, 351 header bytes  	[MsgId: MMSG-26386]
Action.c(320): web_url("ToolbarDroppable.js") was successful, 1681 body bytes, 351 header bytes  	[MsgId: MMSG-26386]
Action.c(328): web_url("RangeMenu.js") was successful, 1244 body bytes, 350 header bytes  	[MsgId: MMSG-26386]
Action.c(336): web_url("white-top-bottom.gif") was successful, 842 body bytes, 284 header bytes  	[MsgId: MMSG-26386]
Action.c(344): Notify: Transaction "login" ended with "Pass" status (Duration: 0.5545).	[MsgId: MMSG-16873]
Action.c(346): lr_think_time: 6.00 seconds.	[MsgId: MMSG-15948]
Action.c(348): Error -26601: Decompression function (wgzMemDecompressBuffer) failed, return code=-5 (Z_BUF_ERROR), inSize=0, inUse=0, outUse=0  	[MsgId: MERR-26601]
End auto log messages stack.	[MsgId: MMSG-10544]


Start auto log messages stack.	[MsgId: MMSG-10546]
Ending iteration 50.	[MsgId: MMSG-15965]
Starting iteration 51.	[MsgId: MMSG-15968]
Error: Parameter 'project': No more unique values for this parameter in table 'project.dat' [unique range is 1-50]. The Vuser is aborted according to "When Out Of Values" policy.	[MsgId: MERR-13870]
End auto log messages stack.	[MsgId: MMSG-10544]


Start auto log messages stack.	[MsgId: MMSG-10546]
Ending iteration 50.	[MsgId: MMSG-15965]
Starting iteration 51.	[MsgId: MMSG-15968]
Error: Parameter 'project': No more unique values for this parameter in table 'project.dat' [unique range is 51-100]. The Vuser is aborted according to "When Out Of Values" policy.	[MsgId: MERR-13870]
End auto log messages stack.	[MsgId: MMSG-10544]


Start auto log messages stack.	[MsgId: MMSG-10546]
Ending iteration 50.	[MsgId: MMSG-15965]
Starting iteration 51.	[MsgId: MMSG-15968]
Error: Parameter 'project': No more unique values for this parameter in table 'project.dat' [unique range is 151-200]. The Vuser is aborted according to "When Out Of Values" policy.	[MsgId: MERR-13870]
End auto log messages stack.	[MsgId: MMSG-10544]


Start auto log messages stack.	[MsgId: MMSG-10546]
Ending iteration 50.	[MsgId: MMSG-15965]
Starting iteration 51.	[MsgId: MMSG-15968]
Error: Parameter 'project': No more unique values for this parameter in table 'project.dat' [unique range is 101-150]. The Vuser is aborted according to "When Out Of Values" policy.	[MsgId: MERR-13870]
End auto log messages stack.	[MsgId: MMSG-10544]


Start auto log messages stack.	[MsgId: MMSG-10546]
Ending iteration 50.	[MsgId: MMSG-15965]
Starting iteration 51.	[MsgId: MMSG-15968]
Error: Parameter 'project': No more unique values for this parameter in table 'project.dat' [unique range is 201-250]. The Vuser is aborted according to "When Out Of Values" policy.	[MsgId: MERR-13870]
End auto log messages stack.	[MsgId: MMSG-10544]


Start auto log messages stack.	[MsgId: MMSG-10546]
Ending iteration 50.	[MsgId: MMSG-15965]
Starting iteration 51.	[MsgId: MMSG-15968]
Error: Parameter 'project': No more unique values for this parameter in table 'project.dat' [unique range is 251-300]. The Vuser is aborted according to "When Out Of Values" policy.	[MsgId: MERR-13870]
End auto log messages stack.	[MsgId: MMSG-10544]


Start auto log messages stack.	[MsgId: MMSG-10546]
Ending iteration 50.	[MsgId: MMSG-15965]
Starting iteration 51.	[MsgId: MMSG-15968]
Error: Parameter 'project': No more unique values for this parameter in table 'project.dat' [unique range is 351-400]. The Vuser is aborted according to "When Out Of Values" policy.	[MsgId: MERR-13870]
End auto log messages stack.	[MsgId: MMSG-10544]


Start auto log messages stack.	[MsgId: MMSG-10546]
Ending iteration 50.	[MsgId: MMSG-15965]
Starting iteration 51.	[MsgId: MMSG-15968]
Error: Parameter 'project': No more unique values for this parameter in table 'project.dat' [unique range is 301-350]. The Vuser is aborted according to "When Out Of Values" policy.	[MsgId: MERR-13870]
End auto log messages stack.	[MsgId: MMSG-10544]


Start auto log messages stack.	[MsgId: MMSG-10546]
Ending iteration 49.	[MsgId: MMSG-15965]
Starting iteration 50.	[MsgId: MMSG-15968]
Error: Parameter 'project': No more unique values for this parameter in table 'project.dat' [unique range is 451-499]. The Vuser is aborted according to "When Out Of Values" policy.	[MsgId: MERR-13870]
End auto log messages stack.	[MsgId: MMSG-10544]


Start auto log messages stack.	[MsgId: MMSG-10546]
Ending iteration 50.	[MsgId: MMSG-15965]
Starting iteration 51.	[MsgId: MMSG-15968]
Error: Parameter 'project': No more unique values for this parameter in table 'project.dat' [unique range is 401-450]. The Vuser is aborted according to "When Out Of Values" policy.	[MsgId: MERR-13870]
End auto log messages stack.	[MsgId: MMSG-10544]


